[21327][1689010345298][main][info]["Booting Postman 10.15.0, linux-5.19.0-46-generic on x64"]
[21327][1689010345301][main][info]["EventBus~initialize - Success"]
[21327][1689010345303][main][info]["Proxy configuration has not been setup"]
[21327][1689010345304][main][info]["CloudProxyManager~init - Success"]
[21327][1689010345308][main][info]["performShellDataMigration: Starting shell data migration"]
[21327][1689010345309][main][info]["migrateShellData:Starting"]
[21327][1689010345326][main][info]["migrateShellData: Old storage cleaned up"]
[21327][1689010345455][main][info]["migrateShellData: Got data from shell. Writing to storage"]
[21327][1689010345460][main][info]["performShellDataMigration: Migration successful on try count 1"]
[21327][1689010345475][main][info]["UpdateHandler~init - Success"]
[21327][1689010345480][main][info]["LeaderSelection: Initialized successfully"]
[21327][1689010345482][main][info]["VersionDependencyService: Initialized successfully"]
[21327][1689010345497][main][info]["Generated root certificate for linux"]
[21327][1689010345499][main][info]["LinuxAutoUpdater~Cleanup - Initial cleanup successful"]
[21327][1689010345513][main][info]["GPU detected VID 4098 DID 5686 ACTIVE true"]
[21327][1689010345513][main][info]["GPU detected VID 4098 DID 29504 ACTIVE false"]
[21327][1689010345531][main][info]["shellController~init: Success"]
[21327][1689010345534][main][info]["shellMeta~init: Success"]
[21327][1689010345535][main][info]["partitionMigrationService: State of V7 partition:"]
[21327][1689010345535][main][info]["partitionMigrationService: V7 partitions",[]]
[21327][1689010345535][main][info]["partitionMigrationService~rectifyNamespaceOfScratchPadPartition: There is no partition with scratchpad namespace"]
[21327][1689010345535][main][info]["partitionMigrationService~rectifyNamespaceOfScratchPadPartition: There is no transit partition which could have been used for scratchpad"]
[21327][1689010345535][main][info]["partitionMigrationService~init: Success"]
[21327][1689010345541][main][info]["partitionMigrationService~runV8PartitionsIntegrity: Two way migration~ removing the following partitions from v8",[]]
[21327][1689010345545][main][info]["userPartitionService~_rectifyTheActivePartitionOfApplication: Setting the active partition to ",null]
[21327][1689010345551][main][info]["userPartitionService~init: Success"]
[21327][1689010345562][main][info]["userPartitionService: State of v8 partition system:"]
[21327][1689010345565][main][info]["shell~init~getPartitionToLoad: loading scratchpad partition"]
[21327][1689010345566][main][info]["userPartitionService: List of partitions:",[]]
[21327][1689010345566][main][info]["userPartitionService: users global meta:",{}]
[21327][1689010347454][main][info]["RuntimeIPCAgent~started: Success"]
[21327][1689010347863][main][info]["UpdateHandler~app-update-events - Received event",{"name":"checkForElectronVersionUpdated","namespace":"appUpdate"}]
[21327][1689010347872][main][info]["windowManager: First requester booted successfully."]
[21327][1689010347872][main][info]["windowManager~restoreWindows: Restoring requester windows"]
[21327][1689010347873][main][info]["Main~AppEvents - Received booted event for process requester.Version undefined UI Version: undefined Desktop Platform Version: 10.15.0"]
[21327][1689013808266][main][info]["Quitting app"]
[15786][1689091749081][main][info]["Booting Postman 10.15.0, linux-5.19.0-46-generic on x64"]
[15786][1689091749084][main][info]["EventBus~initialize - Success"]
[15786][1689091749086][main][info]["Proxy configuration has not been setup"]
[15786][1689091749087][main][info]["CloudProxyManager~init - Success"]
[15786][1689091749104][main][info]["performShellDataMigration: Migration has already been done. Bailing out"]
[15786][1689091749111][main][info]["UpdateHandler~init - Success"]
[15786][1689091749113][main][info]["LeaderSelection: Initialized successfully"]
[15786][1689091749114][main][info]["VersionDependencyService: Initialized successfully"]
[15786][1689091749120][main][info]["LinuxAutoUpdater~Cleanup - Initial cleanup successful"]
[15786][1689091749130][main][info]["GPU detected VID 4098 DID 5686 ACTIVE true"]
[15786][1689091749131][main][info]["GPU detected VID 4098 DID 29504 ACTIVE false"]
[15786][1689091749151][main][info]["shellController~init: Success"]
[15786][1689091749156][main][info]["shellMeta~init: Success"]
[15786][1689091749156][main][info]["partitionMigrationService: State of V7 partition:"]
[15786][1689091749157][main][info]["partitionMigrationService: V7 partitions",[]]
[15786][1689091749157][main][info]["partitionMigrationService~rectifyNamespaceOfScratchPadPartition: There is no partition with scratchpad namespace"]
[15786][1689091749157][main][info]["partitionMigrationService~rectifyNamespaceOfScratchPadPartition: There is no transit partition which could have been used for scratchpad"]
[15786][1689091749158][main][info]["partitionMigrationService~init: Success"]
[15786][1689091749170][main][info]["partitionMigrationService~runV8PartitionsIntegrity: Two way migration~ removing the following partitions from v8",[]]
[15786][1689091749178][main][info]["userPartitionService~_rectifyTheActivePartitionOfApplication: Setting the active partition to ",null]
[15786][1689091749188][main][info]["userPartitionService~init: Success"]
[15786][1689091749204][main][info]["userPartitionService: State of v8 partition system:"]
[15786][1689091749207][main][info]["shell~init~getPartitionToLoad: loading scratchpad partition"]
[15786][1689091749209][main][info]["userPartitionService: List of partitions:",[{"partitionId":"8572a6c9-3cbb-48b0-8dec-a1746c6d8586","namespace":"scratchPad","userId":0,"teamId":0,"isDirty":false}]]
[15786][1689091749210][main][info]["userPartitionService: users global meta:",{}]
[15786][1689091751205][main][info]["RuntimeIPCAgent~started: Success"]
[15786][1689091751390][main][info]["UpdateHandler~app-update-events - Received event",{"name":"checkForElectronVersionUpdated","namespace":"appUpdate"}]
[15786][1689091751399][main][info]["windowManager: First requester booted successfully."]
[15786][1689091751399][main][info]["windowManager~restoreWindows: Restoring requester windows"]
[15786][1689091751400][main][info]["Main~AppEvents - Received booted event for process requester.Version undefined UI Version: undefined Desktop Platform Version: 10.15.0"]
[15786][1689092239356][main][info]["WindowManager~closeHandler - Closed Window (id: 1 )"]
[15786][1689092239368][main][info]["Quitting app"]
[5755][1691932477036][main][info]["Booting Postman 10.15.0, linux-5.19.0-50-generic on x64"]
[5755][1691932477039][main][info]["EventBus~initialize - Success"]
[5755][1691932477041][main][info]["Proxy configuration has not been setup"]
[5755][1691932477042][main][info]["CloudProxyManager~init - Success"]
[5755][1691932477060][main][info]["performShellDataMigration: Migration has already been done. Bailing out"]
[5755][1691932477067][main][info]["UpdateHandler~init - Success"]
[5755][1691932477069][main][info]["LeaderSelection: Initialized successfully"]
[5755][1691932477070][main][info]["VersionDependencyService: Initialized successfully"]
[5755][1691932477077][main][info]["LinuxAutoUpdater~Cleanup - Initial cleanup successful"]
[5755][1691932477083][main][info]["GPU detected VID 4098 DID 5686 ACTIVE true"]
[5755][1691932477084][main][info]["GPU detected VID 4098 DID 29504 ACTIVE false"]
[5755][1691932477104][main][info]["shellController~init: Success"]
[5755][1691932477112][main][info]["shellMeta~init: Success"]
[5755][1691932477113][main][info]["partitionMigrationService: State of V7 partition:"]
[5755][1691932477113][main][info]["partitionMigrationService: V7 partitions",[]]
[5755][1691932477113][main][info]["partitionMigrationService~rectifyNamespaceOfScratchPadPartition: There is no partition with scratchpad namespace"]
[5755][1691932477113][main][info]["partitionMigrationService~rectifyNamespaceOfScratchPadPartition: There is no transit partition which could have been used for scratchpad"]
[5755][1691932477114][main][info]["partitionMigrationService~init: Success"]
[5755][1691932477120][main][info]["partitionMigrationService~runV8PartitionsIntegrity: Two way migration~ removing the following partitions from v8",[]]
[5755][1691932477131][main][info]["userPartitionService~_rectifyTheActivePartitionOfApplication: Setting the active partition to ",null]
[5755][1691932477144][main][info]["userPartitionService~init: Success"]
[5755][1691932477161][main][info]["userPartitionService: State of v8 partition system:"]
[5755][1691932477164][main][info]["shell~init~getPartitionToLoad: loading scratchpad partition"]
[5755][1691932477166][main][info]["userPartitionService: List of partitions:",[{"partitionId":"8572a6c9-3cbb-48b0-8dec-a1746c6d8586","namespace":"scratchPad","userId":0,"teamId":0,"isDirty":false}]]
[5755][1691932477166][main][info]["userPartitionService: users global meta:",{}]
[5755][1691932479156][main][info]["RuntimeIPCAgent~started: Success"]
[5755][1691932479389][main][info]["UpdateHandler~app-update-events - Received event",{"name":"checkForElectronVersionUpdated","namespace":"appUpdate"}]
[5755][1691932479397][main][info]["windowManager: First requester booted successfully."]
[5755][1691932479398][main][info]["windowManager~restoreWindows: Restoring requester windows"]
[5755][1691932479398][main][info]["Main~AppEvents - Received booted event for process requester.Version undefined UI Version: undefined Desktop Platform Version: 10.15.0"]
[5755][1691932489956][main][info]["UpdateHandler~app-update-events - Received event",{"name":"updateElectron","namespace":"appUpdate","data":{"channel":"stable","version":"10.15.0","downloadVersion":"10.17.0","appId":"53126098-f62a-45b3-8858-01534e447501","userAgent":"Mozilla/5.0 (X11; Linux x86_64) AppleWebKit/537.36 (KHTML, like Gecko) Postman/10.15.0 Chrome/100.0.4896.160 Electron/18.3.5 Safari/537.36","platform":"LINUX","arch":"64","downloadURL":"https://dl.pstmn.io/download/version/10.17.0/linux_64","updateServerDomain":"https://dl.pstmn.io/","additionalParamsString":"installationId=53126098-f62a-45b3-8858-01534e447501&userId=0&syncEnabled=false&teamPlan=&teamId=0","userId":"0"}}]
[5755][1691932489957][main][info]["LinuxUpdater~downloadUpdate - UpdateInfo received",{"channel":"stable","version":"10.15.0","downloadVersion":"10.17.0","appId":"53126098-f62a-45b3-8858-01534e447501","userAgent":"Mozilla/5.0 (X11; Linux x86_64) AppleWebKit/537.36 (KHTML, like Gecko) Postman/10.15.0 Chrome/100.0.4896.160 Electron/18.3.5 Safari/537.36","platform":"LINUX","arch":"64","downloadURL":"https://dl.pstmn.io/download/version/10.17.0/linux_64","updateServerDomain":"https://dl.pstmn.io/","additionalParamsString":"installationId=53126098-f62a-45b3-8858-01534e447501&userId=0&syncEnabled=false&teamPlan=&teamId=0","userId":"0"}]
[5755][1691932497776][main][info]["LinuxAutoUpdater~Extraction completed",{"packageName":"Postman","eID":"Postman-1691932489958","downloadURL":"https://dl.pstmn.io/download/version/10.17.0/linux_64","downloadDirectory":"/home/simon/Downloads/postman-linux-x64/Postman","downloadInfo":{"status":"DOWNLOAD_COMPLETED","error":null,"downloadDirectory":"/home/simon/Downloads/postman-linux-x64/Postman"},"extractInfo":{"status":"EXTRACTION_SUCCESSFUL","error":null,"extractDirectory":"/home/simon/Downloads/postman-linux-x64/Postman","standardOutput":"","standardError":""}}]
[5755][1691932497777][main][info]["@postman/app-updater: Update updateDownloaded","","Postman 10.17.0","","https://dl.pstmn.io/download/version/10.17.0/linux_64"]
[5755][1691932497778][main][info]["UpdateHandler~app-update-events - Received event",{"name":"electronAppUpdateDownloaded","namespace":"appUpdate","data":{"releaseName":"Postman 10.17.0","notes":"","date":"","URL":"https://dl.pstmn.io/download/version/10.17.0/linux_64"}}]
[5755][1691935153147][main][info]["WindowManager~closeHandler - Closed Window (id: 1 )"]
[5755][1691935153206][main][info]["Quitting app"]
[5755][1691935153209][main][info]["Applying update and quit the app"]
[5755][1691935153210][main][info]["@postman/app-updater: quitting app to update"]
[5755][1691935153210][main][info]["LinuxAutoUpdater~quitAndInstall - Initiated"]
[5755][1691935153211][main][info]["LinuxAutoUpdater~quitAndInstall - Quitting for update"]
[7246][1691935229388][main][info]["Booting Postman 10.17.0, linux-5.19.0-50-generic on x64"]
[7246][1691935229391][main][info]["EventBus~initialize - Success"]
[7246][1691935229394][main][info]["Proxy configuration has not been setup"]
[7246][1691935229394][main][info]["CloudProxyManager~init - Success"]
[7246][1691935229409][main][info]["performShellDataMigration: Migration has already been done. Bailing out"]
[7246][1691935229416][main][info]["UpdateHandler~init - Success"]
[7246][1691935229418][main][info]["LeaderSelection: Initialized successfully"]
[7246][1691935229419][main][info]["VersionDependencyService: Initialized successfully"]
[7246][1691935229596][main][info]["GPU detected VID 4098 DID 5686 ACTIVE true"]
[7246][1691935229597][main][info]["GPU detected VID 4098 DID 29504 ACTIVE false"]
[7246][1691935230165][main][info]["LinuxAutoUpdater~Cleanup - Initial cleanup successful"]
[7246][1691935230168][main][info]["shellController~init: Success"]
[7246][1691935230177][main][info]["shellMeta~init: Success"]
[7246][1691935230177][main][info]["partitionMigrationService: State of V7 partition:"]
[7246][1691935230177][main][info]["partitionMigrationService: V7 partitions",[]]
[7246][1691935230178][main][info]["partitionMigrationService~rectifyNamespaceOfScratchPadPartition: There is no partition with scratchpad namespace"]
[7246][1691935230178][main][info]["partitionMigrationService~rectifyNamespaceOfScratchPadPartition: There is no transit partition which could have been used for scratchpad"]
[7246][1691935230178][main][info]["partitionMigrationService~init: Success"]
[7246][1691935230184][main][info]["partitionMigrationService~runV8PartitionsIntegrity: Two way migration~ removing the following partitions from v8",[]]
[7246][1691935230192][main][info]["userPartitionService~_rectifyTheActivePartitionOfApplication: Setting the active partition to ",null]
[7246][1691935230200][main][info]["userPartitionService~init: Success"]
[7246][1691935230212][main][info]["userPartitionService: State of v8 partition system:"]
[7246][1691935230214][main][info]["shell~init~getPartitionToLoad: loading scratchpad partition"]
[7246][1691935230216][main][info]["userPartitionService: List of partitions:",[{"partitionId":"8572a6c9-3cbb-48b0-8dec-a1746c6d8586","namespace":"scratchPad","userId":0,"teamId":0,"isDirty":false}]]
[7246][1691935230217][main][info]["userPartitionService: users global meta:",{}]
[7246][1691935231970][main][info]["RuntimeIPCAgent~started: Success"]
[7246][1691935232197][main][info]["UpdateHandler~app-update-events - Received event",{"name":"checkForElectronVersionUpdated","namespace":"appUpdate"}]
[7246][1691935232200][main][info]["@postman/app-updater: version Updated","10.15.0","10.17.0"]
[7246][1691935232200][main][info]["UpdateHandler~app-update-events - Received event",{"name":"electronVersionUpdated","namespace":"appUpdate","data":{"lastKnownVersion":"10.15.0","currentVersion":"10.17.0"}}]
[7246][1691935232205][main][info]["windowManager: First requester booted successfully."]
[7246][1691935232205][main][info]["windowManager~restoreWindows: Restoring requester windows"]
[7246][1691935232205][main][info]["Main~AppEvents - Received booted event for process requester.Version undefined UI Version: undefined Desktop Platform Version: 10.17.0"]
[7246][1691935257524][main][info]["WindowManager~closeHandler - Closed Window (id: 1 )"]
[7246][1691935257533][main][info]["Quitting app"]
[17738][1699806691698][main][info]["Booting Postman 10.17.0, linux-6.2.0-36-generic on x64"]
[17738][1699806691701][main][info]["EventBus~initialize - Success"]
[17738][1699806691704][main][info]["Proxy configuration has not been setup"]
[17738][1699806691705][main][info]["CloudProxyManager~init - Success"]
[17738][1699806691727][main][info]["performShellDataMigration: Migration has already been done. Bailing out"]
[17738][1699806691742][main][info]["UpdateHandler~init - Success"]
[17738][1699806691745][main][info]["LeaderSelection: Initialized successfully"]
[17738][1699806691747][main][info]["VersionDependencyService: Initialized successfully"]
[17738][1699806691754][main][info]["LinuxAutoUpdater~Cleanup - Initial cleanup successful"]
[17738][1699806691765][main][info]["GPU detected VID 4098 DID 5686 ACTIVE true"]
[17738][1699806691765][main][info]["GPU detected VID 4098 DID 29504 ACTIVE false"]
[17738][1699806691784][main][info]["shellController~init: Success"]
[17738][1699806691794][main][info]["shellMeta~init: Success"]
[17738][1699806691794][main][info]["partitionMigrationService: State of V7 partition:"]
[17738][1699806691795][main][info]["partitionMigrationService: V7 partitions",[]]
[17738][1699806691795][main][info]["partitionMigrationService~rectifyNamespaceOfScratchPadPartition: There is no partition with scratchpad namespace"]
[17738][1699806691795][main][info]["partitionMigrationService~rectifyNamespaceOfScratchPadPartition: There is no transit partition which could have been used for scratchpad"]
[17738][1699806691795][main][info]["partitionMigrationService~init: Success"]
[17738][1699806691811][main][info]["partitionMigrationService~runV8PartitionsIntegrity: Two way migration~ removing the following partitions from v8",[]]
[17738][1699806691821][main][info]["userPartitionService~_rectifyTheActivePartitionOfApplication: Setting the active partition to ",null]
[17738][1699806691830][main][info]["userPartitionService~init: Success"]
[17738][1699806691843][main][info]["userPartitionService: State of v8 partition system:"]
[17738][1699806691845][main][info]["shell~init~getPartitionToLoad: loading scratchpad partition"]
[17738][1699806691847][main][info]["userPartitionService: List of partitions:",[{"partitionId":"8572a6c9-3cbb-48b0-8dec-a1746c6d8586","namespace":"scratchPad","userId":0,"teamId":0,"isDirty":false}]]
[17738][1699806691847][main][info]["userPartitionService: users global meta:",{}]
[17738][1699806694063][main][info]["RuntimeIPCAgent~started: Success"]
[17738][1699806694246][main][info]["UpdateHandler~app-update-events - Received event",{"name":"checkForElectronVersionUpdated","namespace":"appUpdate"}]
[17738][1699806694254][main][info]["windowManager: First requester booted successfully."]
[17738][1699806694255][main][info]["windowManager~restoreWindows: Restoring requester windows"]
[17738][1699806694255][main][info]["Main~AppEvents - Received booted event for process requester.Version undefined UI Version: undefined Desktop Platform Version: 10.17.0"]
[17738][1699806704770][main][info]["UpdateHandler~app-update-events - Received event",{"name":"updateElectron","namespace":"appUpdate","data":{"channel":"stable","version":"10.17.0","downloadVersion":"10.20.0","appId":"53126098-f62a-45b3-8858-01534e447501","userAgent":"Mozilla/5.0 (X11; Linux x86_64) AppleWebKit/537.36 (KHTML, like Gecko) Postman/10.17.0 Chrome/100.0.4896.160 Electron/18.3.5 Safari/537.36","platform":"LINUX","arch":"64","downloadURL":"https://dl.pstmn.io/download/version/10.20.0/linux_64","updateServerDomain":"https://dl.pstmn.io/","additionalParamsString":"installationId=53126098-f62a-45b3-8858-01534e447501&userId=0&syncEnabled=false&teamPlan=&teamId=0","userId":"0"}}]
[17738][1699806704771][main][info]["LinuxUpdater~downloadUpdate - UpdateInfo received",{"channel":"stable","version":"10.17.0","downloadVersion":"10.20.0","appId":"53126098-f62a-45b3-8858-01534e447501","userAgent":"Mozilla/5.0 (X11; Linux x86_64) AppleWebKit/537.36 (KHTML, like Gecko) Postman/10.17.0 Chrome/100.0.4896.160 Electron/18.3.5 Safari/537.36","platform":"LINUX","arch":"64","downloadURL":"https://dl.pstmn.io/download/version/10.20.0/linux_64","updateServerDomain":"https://dl.pstmn.io/","additionalParamsString":"installationId=53126098-f62a-45b3-8858-01534e447501&userId=0&syncEnabled=false&teamPlan=&teamId=0","userId":"0"}]
[17738][1699806713198][main][info]["LinuxAutoUpdater~Extraction completed",{"packageName":"Postman","eID":"Postman-1699806704772","downloadURL":"https://dl.pstmn.io/download/version/10.20.0/linux_64","downloadDirectory":"/home/simon/Downloads/postman-linux-x64/Postman","downloadInfo":{"status":"DOWNLOAD_COMPLETED","error":null,"downloadDirectory":"/home/simon/Downloads/postman-linux-x64/Postman"},"extractInfo":{"status":"EXTRACTION_SUCCESSFUL","error":null,"extractDirectory":"/home/simon/Downloads/postman-linux-x64/Postman","standardOutput":"","standardError":""}}]
[17738][1699806713198][main][info]["@postman/app-updater: Update updateDownloaded","","Postman 10.20.0","","https://dl.pstmn.io/download/version/10.20.0/linux_64"]
[17738][1699806713199][main][info]["UpdateHandler~app-update-events - Received event",{"name":"electronAppUpdateDownloaded","namespace":"appUpdate","data":{"releaseName":"Postman 10.20.0","notes":"","date":"","URL":"https://dl.pstmn.io/download/version/10.20.0/linux_64"}}]
[17738][1699806862544][main][info]["WindowManager~closeHandler - Closed Window (id: 1 )"]
[17738][1699806862556][main][info]["Quitting app"]
[17738][1699806862559][main][info]["Applying update and quit the app"]
[17738][1699806862560][main][info]["@postman/app-updater: quitting app to update"]
[17738][1699806862560][main][info]["LinuxAutoUpdater~quitAndInstall - Initiated"]
[17738][1699806862561][main][info]["LinuxAutoUpdater~quitAndInstall - Quitting for update"]
